2025-12-20 21:46:09 [TestNG-tests-1] DEBUG org.apache.poi.openxml4j.opc.PackageRelationshipCollection - Parsing relationship: /xl/worksheets/_rels/sheet1.xml.rels
2025-12-20 21:46:09 [TestNG-tests-1] DEBUG org.apache.poi.openxml4j.opc.PackageRelationshipCollection - Parsing relationship: /_rels/.rels
2025-12-20 21:46:09 [TestNG-tests-1] DEBUG org.apache.poi.openxml4j.opc.PackageRelationshipCollection - Parsing relationship: /xl/_rels/workbook.xml.rels
2025-12-20 21:46:09 [TestNG-tests-1] DEBUG org.apache.poi.openxml4j.opc.PackageRelationshipCollection - Parsing relationship: /xl/worksheets/_rels/sheet1.xml.rels
2025-12-20 21:46:10 [TestNG-tests-1] DEBUG org.apache.poi.openxml4j.opc.PackageRelationshipCollection - Parsing relationship: /_rels/.rels
2025-12-20 21:46:10 [TestNG-tests-1] DEBUG org.apache.poi.openxml4j.opc.PackageRelationshipCollection - Parsing relationship: /xl/_rels/workbook.xml.rels
2025-12-20 21:46:10 [TestNG-tests-1] DEBUG org.apache.poi.openxml4j.opc.PackageRelationshipCollection - Parsing relationship: /xl/worksheets/_rels/sheet1.xml.rels
2025-12-20 21:46:10 [TestNG-tests-1] DEBUG org.apache.poi.openxml4j.opc.PackageRelationshipCollection - Parsing relationship: /_rels/.rels
2025-12-20 21:46:10 [TestNG-tests-1] INFO  TestCase.TC003_LoginTestDDT - Starting TC003_LoginTestDDT
2025-12-20 21:46:12 [TestNG-tests-1] INFO  TestCase.TC003_LoginTestDDT - Login test passed
2025-12-20 21:46:12 [TestNG-tests-1] INFO  TestCase.TC003_LoginTestDDT - Finished TC003_LoginTestDDT
2025-12-20 21:46:12 [TestNG-tests-1] INFO  TestCase.TC003_LoginTestDDT - Starting TC003_LoginTestDDT
2025-12-20 21:46:22 [TestNG-tests-1] INFO  TestCase.TC003_LoginTestDDT - Login test passed
2025-12-20 21:46:22 [TestNG-tests-1] INFO  TestCase.TC003_LoginTestDDT - Finished TC003_LoginTestDDT
2025-12-20 21:46:22 [TestNG-tests-1] INFO  TestCase.TC003_LoginTestDDT - Starting TC003_LoginTestDDT
2025-12-20 21:46:32 [TestNG-tests-1] INFO  TestCase.TC003_LoginTestDDT - Login test passed
2025-12-20 21:46:32 [TestNG-tests-1] INFO  TestCase.TC003_LoginTestDDT - Finished TC003_LoginTestDDT
2025-12-20 21:46:32 [TestNG-tests-1] INFO  TestCase.TC003_LoginTestDDT - Starting TC003_LoginTestDDT
2025-12-20 21:46:43 [TestNG-tests-1] INFO  TestCase.TC003_LoginTestDDT - Login test passed
2025-12-20 21:46:43 [TestNG-tests-1] INFO  TestCase.TC003_LoginTestDDT - Finished TC003_LoginTestDDT
2025-12-20 21:46:43 [TestNG-tests-1] INFO  TestCase.TC003_LoginTestDDT - Starting TC003_LoginTestDDT
2025-12-20 21:46:53 [TestNG-tests-1] INFO  TestCase.TC003_LoginTestDDT - Login test passed
2025-12-20 21:46:53 [TestNG-tests-1] INFO  TestCase.TC003_LoginTestDDT - Finished TC003_LoginTestDDT
